<?xml version="1.0" encoding="UTF-8"?>
<!-- Generated by org.testng.reporters.JUnitXMLReporter -->
<testsuite ignored="5" hostname="DESKTOP-BBLI6SA" failures="0" tests="1" name="Default test" time="5.424" errors="0" timestamp="2024-10-29T23:00:36 CDT">
  <testcase classname="testPackage.TestClass" name="postRequest" time="5.223"/>
  <testcase classname="testPackage.TestClass" name="putRequest" time="0.0">
    <ignored/>
  </testcase> <!-- putRequest -->
  <testcase classname="testPackage.TestClass" name="deletRequest" time="0.0">
    <ignored/>
  </testcase> <!-- deletRequest -->
  <testcase classname="testPackage.TestClass" name="getRequest" time="0.0">
    <ignored/>
  </testcase> <!-- getRequest -->
  <testcase classname="testPackage.TestClass" name="getRequest2" time="0.0">
    <ignored/>
  </testcase> <!-- getRequest2 -->
  <testcase classname="testPackage.TestClass" name="getRequest1" time="0.0">
    <ignored/>
  </testcase> <!-- getRequest1 -->
</testsuite> <!-- Default test -->
