<?xml version="1.0" encoding="UTF-8"?>
<testng-results ignored="0" total="1" passed="1" failed="0" skipped="0">
  <reporter-output>
  </reporter-output>
  <suite started-at="2024-10-29T23:00:31 CDT" name="Default suite" finished-at="2024-10-29T23:00:36 CDT" duration-ms="5424">
    <groups>
    </groups>
    <test started-at="2024-10-29T23:00:31 CDT" name="Default test" finished-at="2024-10-29T23:00:36 CDT" duration-ms="5424">
      <class name="testPackage.TestClass">
        <test-method signature="postRequest()[pri:0, instance:testPackage.TestClass@1ca25c47]" started-at="2024-10-29T23:00:31 CDT" name="postRequest" finished-at="2024-10-29T23:00:36 CDT" duration-ms="5223" status="PASS">
          <reporter-output>
          </reporter-output>
        </test-method> <!-- postRequest -->
      </class> <!-- testPackage.TestClass -->
    </test> <!-- Default test -->
  </suite> <!-- Default suite -->
</testng-results>
